c:\users\hitomi\documents\visual studio 2015\projects\directx9_project\directx9_project\debug\vc140.pdb
c:\users\hitomi\documents\visual studio 2015\projects\directx9_project\directx9_project\debug\vc140.idb
c:\users\hitomi\documents\visual studio 2015\projects\directx9_project\directx9_project\debug\skinmeshx.obj
c:\users\hitomi\documents\visual studio 2015\projects\directx9_project\directx9_project\debug\debugproc.obj
c:\users\hitomi\documents\visual studio 2015\projects\directx9_project\directx9_project\debug\game.obj
c:\users\hitomi\documents\visual studio 2015\projects\directx9_project\directx9_project\debug\input.obj
c:\users\hitomi\documents\visual studio 2015\projects\directx9_project\directx9_project\debug\main.obj
c:\users\hitomi\documents\visual studio 2015\projects\directx9_project\directx9_project\debug\result.obj
c:\users\hitomi\documents\visual studio 2015\projects\directx9_project\directx9_project\debug\scene.obj
c:\users\hitomi\documents\visual studio 2015\projects\directx9_project\directx9_project\debug\title.obj
c:\users\hitomi\documents\visual studio 2015\projects\directx9_project\directx9_project\debug\camera.obj
c:\users\hitomi\documents\visual studio 2015\projects\directx9_project\directx9_project\debug\light.obj
c:\users\hitomi\documents\visual studio 2015\projects\directx9_project\directx9_project\debug\player.obj
c:\users\hitomi\documents\visual studio 2015\projects\directx9_project\directx9_project\debug\calculate.obj
c:\users\hitomi\documents\visual studio 2015\projects\directx9_project\debug\directx9_project.ilk
c:\users\hitomi\documents\visual studio 2015\projects\directx9_project\debug\directx9_project.exe
c:\users\hitomi\documents\visual studio 2015\projects\directx9_project\debug\directx9_project.pdb
c:\users\hitomi\documents\visual studio 2015\projects\directx9_project\directx9_project\debug\directx9_project.tlog\cl.command.1.tlog
c:\users\hitomi\documents\visual studio 2015\projects\directx9_project\directx9_project\debug\directx9_project.tlog\cl.read.1.tlog
c:\users\hitomi\documents\visual studio 2015\projects\directx9_project\directx9_project\debug\directx9_project.tlog\cl.write.1.tlog
c:\users\hitomi\documents\visual studio 2015\projects\directx9_project\directx9_project\debug\directx9_project.tlog\link.command.1.tlog
c:\users\hitomi\documents\visual studio 2015\projects\directx9_project\directx9_project\debug\directx9_project.tlog\link.read.1.tlog
c:\users\hitomi\documents\visual studio 2015\projects\directx9_project\directx9_project\debug\directx9_project.tlog\link.write.1.tlog
