  SkinMeshX.cpp
c:\users\hitomi\documents\visual studio 2015\projects\directx9_project\directx9_project\skinmeshx.cpp(74): warning C4101: 'hr': ローカル変数は 1 度も使われていません。
  コードを生成中...
  コンパイル中...
  title.cpp
  scene.cpp
  result.cpp
  player.cpp
  main.cpp
c:\users\hitomi\documents\visual studio 2015\projects\directx9_project\directx9_project\main.cpp(83): warning C4244: '引数': 'float' から 'int' への変換です。データが失われる可能性があります。
c:\users\hitomi\documents\visual studio 2015\projects\directx9_project\directx9_project\main.cpp(235): warning C4244: '=': 'float' から 'UINT' への変換です。データが失われる可能性があります。
c:\users\hitomi\documents\visual studio 2015\projects\directx9_project\directx9_project\main.cpp(236): warning C4244: '=': 'float' から 'UINT' への変換です。データが失われる可能性があります。
  light.cpp
c:\users\hitomi\documents\visual studio 2015\projects\directx9_project\directx9_project\light.cpp(239): warning C4101: 'bEnable': ローカル変数は 1 度も使われていません。
  input.cpp
c:\users\hitomi\documents\visual studio 2015\projects\directx9_project\directx9_project\input.cpp(338): warning C4244: '引数': 'float' から 'int' への変換です。データが失われる可能性があります。
c:\users\hitomi\documents\visual studio 2015\projects\directx9_project\directx9_project\input.cpp(764): warning C4244: '=': 'LONG' から 'float' への変換です。データが失われる可能性があります。
c:\users\hitomi\documents\visual studio 2015\projects\directx9_project\directx9_project\input.cpp(767): warning C4244: '=': 'LONG' から 'float' への変換です。データが失われる可能性があります。
c:\users\hitomi\documents\visual studio 2015\projects\directx9_project\directx9_project\input.cpp(768): warning C4244: '=': 'LONG' から 'float' への変換です。データが失われる可能性があります。
c:\users\hitomi\documents\visual studio 2015\projects\directx9_project\directx9_project\input.cpp(771): warning C4244: '引数': 'LONG' から 'FLOAT' への変換です。データが失われる可能性があります。
c:\users\hitomi\documents\visual studio 2015\projects\directx9_project\directx9_project\input.cpp(903): warning C4244: '引数': 'int' から 'FLOAT' への変換です。データが失われる可能性があります。
  game.cpp
  fade.cpp
  debugproc.cpp
c:\users\hitomi\documents\visual studio 2015\projects\directx9_project\directx9_project\debugproc.cpp(83): warning C4838: 'float' から 'LONG' への変換には縮小変換が必要です
c:\users\hitomi\documents\visual studio 2015\projects\directx9_project\directx9_project\debugproc.cpp(83): warning C4244: '初期化中': 'float' から 'LONG' への変換です。データが失われる可能性があります。
c:\users\hitomi\documents\visual studio 2015\projects\directx9_project\directx9_project\debugproc.cpp(120): warning C4996: 'sprintf': This function or variable may be unsafe. Consider using sprintf_s instead. To disable deprecation, use _CRT_SECURE_NO_WARNINGS. See online help for details.
  c:\program files (x86)\windows kits\10\include\10.0.10240.0\ucrt\stdio.h(1769): note: 'sprintf' の宣言を確認してください
c:\users\hitomi\documents\visual studio 2015\projects\directx9_project\directx9_project\debugproc.cpp(130): warning C4996: 'sprintf': This function or variable may be unsafe. Consider using sprintf_s instead. To disable deprecation, use _CRT_SECURE_NO_WARNINGS. See online help for details.
  c:\program files (x86)\windows kits\10\include\10.0.10240.0\ucrt\stdio.h(1769): note: 'sprintf' の宣言を確認してください
c:\users\hitomi\documents\visual studio 2015\projects\directx9_project\directx9_project\debugproc.cpp(135): warning C4996: 'sprintf': This function or variable may be unsafe. Consider using sprintf_s instead. To disable deprecation, use _CRT_SECURE_NO_WARNINGS. See online help for details.
  c:\program files (x86)\windows kits\10\include\10.0.10240.0\ucrt\stdio.h(1769): note: 'sprintf' の宣言を確認してください
c:\users\hitomi\documents\visual studio 2015\projects\directx9_project\directx9_project\debugproc.cpp(140): warning C4996: 'sprintf': This function or variable may be unsafe. Consider using sprintf_s instead. To disable deprecation, use _CRT_SECURE_NO_WARNINGS. See online help for details.
  c:\program files (x86)\windows kits\10\include\10.0.10240.0\ucrt\stdio.h(1769): note: 'sprintf' の宣言を確認してください
c:\users\hitomi\documents\visual studio 2015\projects\directx9_project\directx9_project\debugproc.cpp(145): warning C4996: 'sprintf': This function or variable may be unsafe. Consider using sprintf_s instead. To disable deprecation, use _CRT_SECURE_NO_WARNINGS. See online help for details.
  c:\program files (x86)\windows kits\10\include\10.0.10240.0\ucrt\stdio.h(1769): note: 'sprintf' の宣言を確認してください
c:\users\hitomi\documents\visual studio 2015\projects\directx9_project\directx9_project\debugproc.cpp(150): warning C4996: 'sprintf': This function or variable may be unsafe. Consider using sprintf_s instead. To disable deprecation, use _CRT_SECURE_NO_WARNINGS. See online help for details.
  c:\program files (x86)\windows kits\10\include\10.0.10240.0\ucrt\stdio.h(1769): note: 'sprintf' の宣言を確認してください
c:\users\hitomi\documents\visual studio 2015\projects\directx9_project\directx9_project\debugproc.cpp(155): warning C4996: 'sprintf': This function or variable may be unsafe. Consider using sprintf_s instead. To disable deprecation, use _CRT_SECURE_NO_WARNINGS. See online help for details.
  c:\program files (x86)\windows kits\10\include\10.0.10240.0\ucrt\stdio.h(1769): note: 'sprintf' の宣言を確認してください
c:\users\hitomi\documents\visual studio 2015\projects\directx9_project\directx9_project\debugproc.cpp(159): warning C4996: 'sprintf': This function or variable may be unsafe. Consider using sprintf_s instead. To disable deprecation, use _CRT_SECURE_NO_WARNINGS. See online help for details.
  c:\program files (x86)\windows kits\10\include\10.0.10240.0\ucrt\stdio.h(1769): note: 'sprintf' の宣言を確認してください
c:\users\hitomi\documents\visual studio 2015\projects\directx9_project\directx9_project\debugproc.cpp(163): warning C4996: 'strcat': This function or variable may be unsafe. Consider using strcat_s instead. To disable deprecation, use _CRT_SECURE_NO_WARNINGS. See online help for details.
  c:\program files (x86)\windows kits\10\include\10.0.10240.0\ucrt\string.h(90): note: 'strcat' の宣言を確認してください
c:\users\hitomi\documents\visual studio 2015\projects\directx9_project\directx9_project\debugproc.cpp(172): warning C4996: 'strcat': This function or variable may be unsafe. Consider using strcat_s instead. To disable deprecation, use _CRT_SECURE_NO_WARNINGS. See online help for details.
  c:\program files (x86)\windows kits\10\include\10.0.10240.0\ucrt\string.h(90): note: 'strcat' の宣言を確認してください
  cube.cpp
c:\users\hitomi\documents\visual studio 2015\projects\directx9_project\directx9_project\cube.cpp(78): warning C4018: '<': signed と unsigned の数値を比較しようとしました。
c:\users\hitomi\documents\visual studio 2015\projects\directx9_project\directx9_project\cube.cpp(108): warning C4018: '<': signed と unsigned の数値を比較しようとしました。
c:\users\hitomi\documents\visual studio 2015\projects\directx9_project\directx9_project\cube.cpp(196): warning C4018: '<': signed と unsigned の数値を比較しようとしました。
c:\users\hitomi\documents\visual studio 2015\projects\directx9_project\directx9_project\cube.cpp(162): warning C4101: 'pD3DXMat': ローカル変数は 1 度も使われていません。
c:\users\hitomi\documents\visual studio 2015\projects\directx9_project\directx9_project\cube.cpp(242): warning C4244: '引数': 'float' から 'DWORD' への変換です。データが失われる可能性があります。
  camera.cpp
  calculate.cpp
c:\users\hitomi\documents\visual studio 2015\projects\directx9_project\directx9_project\calculate.cpp(52): warning C4305: '+=': 'double' から 'float' へ切り詰めます。
  コードを生成中...
c:\users\hitomi\documents\visual studio 2015\projects\directx9_project\directx9_project\cube.cpp(226): warning C4715: 'SetCube': 値を返さないコントロール パスがあります。
  DirectX9_Project.vcxproj -> C:\Users\Hitomi\Documents\Visual Studio 2015\Projects\DirectX9_Project\Debug\DirectX9_Project.exe
  DirectX9_Project.vcxproj -> C:\Users\Hitomi\Documents\Visual Studio 2015\Projects\DirectX9_Project\Debug\DirectX9_Project.pdb (Full PDB)
